<?xml version="1.0" encoding="UTF-8"?>
<!-- Generated by org.testng.reporters.JUnitReportReporter -->
<testsuite hostname="DESKTOP-C5UEESC" failures="0" tests="1" name="amazon_project.Test_Class" time="16.265" errors="0" timestamp="2023-05-20T16:45:04 IST" skipped="0">
  <testcase classname="amazon_project.Test_Class" name="TestA" time="16.265"/>
  <system-out/>
</testsuite> <!-- amazon_project.Test_Class -->
